;  LST file generated by mikroListExporter - v.2.0 
; Date/Time: 23/09/2020 16:03:34
;----------------------------------------------

;Address Opcode 	ASM
0x0000	0x2A3B      	GOTO       571
_interrupt:
0x0004	0x00FF      	MOVWF      R15
0x0005	0x0E03      	SWAPF      STATUS, 0
0x0006	0x0183      	CLRF       STATUS
0x0007	0x00C0      	MOVWF      ___saveSTATUS
0x0008	0x080A      	MOVF       PCLATH, 0
0x0009	0x00BF      	MOVWF      ___savePCLATH
0x000A	0x018A      	CLRF       PCLATH
;circuito_rcrc.c,41 :: 		void interrupt() {
;circuito_rcrc.c,43 :: 		if (TMR0IF_bit) {
0x000B	0x1D0B      	BTFSS      TMR0IF_bit, BitPos(TMR0IF_bit+0)
0x000C	0x2810      	GOTO       L_interrupt0
;circuito_rcrc.c,44 :: 		TMR0IF_bit = 0;
0x000D	0x110B      	BCF        TMR0IF_bit, BitPos(TMR0IF_bit+0)
;circuito_rcrc.c,45 :: 		pinoDebug = !pinoDebug;
0x000E	0x3001      	MOVLW      1
0x000F	0x0687      	XORWF      PORTC, 1
;circuito_rcrc.c,46 :: 		}
L_interrupt0:
;circuito_rcrc.c,48 :: 		}
L_end_interrupt:
L__interrupt22:
0x0010	0x083F      	MOVF       ___savePCLATH, 0
0x0011	0x008A      	MOVWF      PCLATH
0x0012	0x0E40      	SWAPF      ___saveSTATUS, 0
0x0013	0x0083      	MOVWF      STATUS
0x0014	0x0EFF      	SWAPF      R15, 1
0x0015	0x0E7F      	SWAPF      R15, 0
0x0016	0x0009      	RETFIE
; end of _interrupt
_Delay_1us:
;__Lib_Delays.c,7 :: 		void Delay_1us() {
;__Lib_Delays.c,8 :: 		Delay_us(1);
0x0017	0x0000      	NOP
0x0018	0x0000      	NOP
0x0019	0x0000      	NOP
0x001A	0x0000      	NOP
;__Lib_Delays.c,9 :: 		}
L_end_Delay_1us:
0x001B	0x0008      	RETURN
; end of _Delay_1us
_Delay_5500us:
;__Lib_Delays.c,31 :: 		void Delay_5500us() {
;__Lib_Delays.c,32 :: 		Delay_us(5500);
0x001C	0x301D      	MOVLW      29
0x001D	0x1283      	BCF        STATUS, 5
0x001E	0x1303      	BCF        STATUS, 6
0x001F	0x00FC      	MOVWF      R12
0x0020	0x3091      	MOVLW      145
0x0021	0x00FD      	MOVWF      R13
L_Delay_5500us5:
0x0022	0x0BFD      	DECFSZ     R13, 1
0x0023	0x2822      	GOTO       L_Delay_5500us5
0x0024	0x0BFC      	DECFSZ     R12, 1
0x0025	0x2822      	GOTO       L_Delay_5500us5
;__Lib_Delays.c,33 :: 		}
L_end_Delay_5500us:
0x0026	0x0008      	RETURN
; end of _Delay_5500us
_Delay_50us:
;__Lib_Delays.c,19 :: 		void Delay_50us() {
;__Lib_Delays.c,20 :: 		Delay_us(50);
0x0027	0x3042      	MOVLW      66
0x0028	0x1283      	BCF        STATUS, 5
0x0029	0x1303      	BCF        STATUS, 6
0x002A	0x00FD      	MOVWF      R13
L_Delay_50us2:
0x002B	0x0BFD      	DECFSZ     R13, 1
0x002C	0x282B      	GOTO       L_Delay_50us2
0x002D	0x0000      	NOP
;__Lib_Delays.c,21 :: 		}
L_end_Delay_50us:
0x002E	0x0008      	RETURN
; end of _Delay_50us
_Lcd_Cmd:
;__Lib_Lcd.c,18 :: 		
;__Lib_Lcd.c,20 :: 		
0x002F	0x1283      	BCF        STATUS, 5
0x0030	0x1303      	BCF        STATUS, 6
0x0031	0x1BC9      	BTFSC      FARG_Lcd_Cmd_out_char, 7
0x0032	0x2835      	GOTO       L__Lcd_Cmd21
0x0033	0x1286      	BCF        LCD_D7, BitPos(LCD_D7+0)
0x0034	0x2836      	GOTO       L__Lcd_Cmd22
L__Lcd_Cmd21:
0x0035	0x1686      	BSF        LCD_D7, BitPos(LCD_D7+0)
L__Lcd_Cmd22:
;__Lib_Lcd.c,21 :: 		
0x0036	0x1B49      	BTFSC      FARG_Lcd_Cmd_out_char, 6
0x0037	0x283A      	GOTO       L__Lcd_Cmd23
0x0038	0x1206      	BCF        LCD_D6, BitPos(LCD_D6+0)
0x0039	0x283B      	GOTO       L__Lcd_Cmd24
L__Lcd_Cmd23:
0x003A	0x1606      	BSF        LCD_D6, BitPos(LCD_D6+0)
L__Lcd_Cmd24:
;__Lib_Lcd.c,22 :: 		
0x003B	0x1AC9      	BTFSC      FARG_Lcd_Cmd_out_char, 5
0x003C	0x283F      	GOTO       L__Lcd_Cmd25
0x003D	0x1106      	BCF        LCD_D5, BitPos(LCD_D5+0)
0x003E	0x2840      	GOTO       L__Lcd_Cmd26
L__Lcd_Cmd25:
0x003F	0x1506      	BSF        LCD_D5, BitPos(LCD_D5+0)
L__Lcd_Cmd26:
;__Lib_Lcd.c,23 :: 		
0x0040	0x1A49      	BTFSC      FARG_Lcd_Cmd_out_char, 4
0x0041	0x2844      	GOTO       L__Lcd_Cmd27
0x0042	0x1086      	BCF        LCD_D4, BitPos(LCD_D4+0)
0x0043	0x2845      	GOTO       L__Lcd_Cmd28
L__Lcd_Cmd27:
0x0044	0x1486      	BSF        LCD_D4, BitPos(LCD_D4+0)
L__Lcd_Cmd28:
;__Lib_Lcd.c,25 :: 		
0x0045	0x183C      	BTFSC      __Lib_Lcd_cmd_status, BitPos(__Lib_Lcd_cmd_status+0)
0x0046	0x2849      	GOTO       L__Lcd_Cmd29
0x0047	0x1505      	BSF        LCD_RS, BitPos(LCD_RS+0)
0x0048	0x284A      	GOTO       L__Lcd_Cmd30
L__Lcd_Cmd29:
0x0049	0x1105      	BCF        LCD_RS, BitPos(LCD_RS+0)
L__Lcd_Cmd30:
;__Lib_Lcd.c,28 :: 		
0x004A	0x1585      	BSF        LCD_EN, BitPos(LCD_EN+0)
;__Lib_Lcd.c,29 :: 		
0x004B	0x2017      	CALL       _Delay_1us
;__Lib_Lcd.c,30 :: 		
0x004C	0x1185      	BCF        LCD_EN, BitPos(LCD_EN+0)
;__Lib_Lcd.c,33 :: 		
0x004D	0x19C9      	BTFSC      FARG_Lcd_Cmd_out_char, 3
0x004E	0x2851      	GOTO       L__Lcd_Cmd31
0x004F	0x1286      	BCF        LCD_D7, BitPos(LCD_D7+0)
0x0050	0x2852      	GOTO       L__Lcd_Cmd32
L__Lcd_Cmd31:
0x0051	0x1686      	BSF        LCD_D7, BitPos(LCD_D7+0)
L__Lcd_Cmd32:
;__Lib_Lcd.c,34 :: 		
0x0052	0x1949      	BTFSC      FARG_Lcd_Cmd_out_char, 2
0x0053	0x2856      	GOTO       L__Lcd_Cmd33
0x0054	0x1206      	BCF        LCD_D6, BitPos(LCD_D6+0)
0x0055	0x2857      	GOTO       L__Lcd_Cmd34
L__Lcd_Cmd33:
0x0056	0x1606      	BSF        LCD_D6, BitPos(LCD_D6+0)
L__Lcd_Cmd34:
;__Lib_Lcd.c,35 :: 		
0x0057	0x18C9      	BTFSC      FARG_Lcd_Cmd_out_char, 1
0x0058	0x285B      	GOTO       L__Lcd_Cmd35
0x0059	0x1106      	BCF        LCD_D5, BitPos(LCD_D5+0)
0x005A	0x285C      	GOTO       L__Lcd_Cmd36
L__Lcd_Cmd35:
0x005B	0x1506      	BSF        LCD_D5, BitPos(LCD_D5+0)
L__Lcd_Cmd36:
;__Lib_Lcd.c,36 :: 		
0x005C	0x1849      	BTFSC      FARG_Lcd_Cmd_out_char, 0
0x005D	0x2860      	GOTO       L__Lcd_Cmd37
0x005E	0x1086      	BCF        LCD_D4, BitPos(LCD_D4+0)
0x005F	0x2861      	GOTO       L__Lcd_Cmd38
L__Lcd_Cmd37:
0x0060	0x1486      	BSF        LCD_D4, BitPos(LCD_D4+0)
L__Lcd_Cmd38:
;__Lib_Lcd.c,38 :: 		
0x0061	0x183C      	BTFSC      __Lib_Lcd_cmd_status, BitPos(__Lib_Lcd_cmd_status+0)
0x0062	0x2865      	GOTO       L__Lcd_Cmd39
0x0063	0x1505      	BSF        LCD_RS, BitPos(LCD_RS+0)
0x0064	0x2866      	GOTO       L__Lcd_Cmd40
L__Lcd_Cmd39:
0x0065	0x1105      	BCF        LCD_RS, BitPos(LCD_RS+0)
L__Lcd_Cmd40:
;__Lib_Lcd.c,40 :: 		
0x0066	0x1585      	BSF        LCD_EN, BitPos(LCD_EN+0)
;__Lib_Lcd.c,41 :: 		
0x0067	0x2017      	CALL       _Delay_1us
;__Lib_Lcd.c,42 :: 		
0x0068	0x1185      	BCF        LCD_EN, BitPos(LCD_EN+0)
;__Lib_Lcd.c,44 :: 		
0x0069	0x1C3C      	BTFSS      __Lib_Lcd_cmd_status, BitPos(__Lib_Lcd_cmd_status+0)
0x006A	0x286D      	GOTO       L_Lcd_Cmd0
;__Lib_Lcd.c,45 :: 		
0x006B	0x201C      	CALL       _Delay_5500us
0x006C	0x286E      	GOTO       L_Lcd_Cmd1
L_Lcd_Cmd0:
;__Lib_Lcd.c,47 :: 		
0x006D	0x2027      	CALL       _Delay_50us
L_Lcd_Cmd1:
;__Lib_Lcd.c,48 :: 		
L_end_Lcd_Cmd:
0x006E	0x0008      	RETURN
; end of _Lcd_Cmd
_Mul_16X16_U:
;__Lib_Math.c,136 :: 		
;__Lib_Math.c,143 :: 		
0x006F	0x1283      	BCF        STATUS, 5
;__Lib_Math.c,144 :: 		
0x0070	0x1303      	BCF        STATUS, 6
;__Lib_Math.c,145 :: 		
0x0071	0x01FB      	CLRF       R11
;__Lib_Math.c,146 :: 		
0x0072	0x01FA      	CLRF       R10
;__Lib_Math.c,147 :: 		
0x0073	0x01F9      	CLRF       R9
;__Lib_Math.c,148 :: 		
0x0074	0x3080      	MOVLW      128
;__Lib_Math.c,149 :: 		
0x0075	0x00F8      	MOVWF      R8
;__Lib_Math.c,150 :: 		
0x0076	0x0CF1      	RRF        R1, 1
;__Lib_Math.c,151 :: 		
0x0077	0x0CF0      	RRF        R0, 1
;__Lib_Math.c,152 :: 		
0x0078	0x1C03      	BTFSS      STATUS, 0
;__Lib_Math.c,153 :: 		
0x0079	0x2883      	GOTO       $+10
;__Lib_Math.c,154 :: 		
0x007A	0x0874      	MOVF       R4, 0
;__Lib_Math.c,155 :: 		
0x007B	0x07F9      	ADDWF      R9, 1
;__Lib_Math.c,156 :: 		
0x007C	0x0875      	MOVF       R5, 0
;__Lib_Math.c,157 :: 		
0x007D	0x1803      	BTFSC      STATUS, 0
;__Lib_Math.c,158 :: 		
0x007E	0x0F75      	INCFSZ     R5, 0
;__Lib_Math.c,159 :: 		
0x007F	0x07FA      	ADDWF      R10, 1
;__Lib_Math.c,160 :: 		
0x0080	0x1803      	BTFSC      STATUS, 0
;__Lib_Math.c,161 :: 		
0x0081	0x0AFB      	INCF       R11, 1
;__Lib_Math.c,162 :: 		
0x0082	0x1003      	BCF        STATUS, 0
;__Lib_Math.c,163 :: 		
0x0083	0x1FF0      	BTFSS      R0, 7
;__Lib_Math.c,164 :: 		
0x0084	0x288B      	GOTO       $+7
;__Lib_Math.c,165 :: 		
0x0085	0x0874      	MOVF       R4, 0
;__Lib_Math.c,166 :: 		
0x0086	0x07FA      	ADDWF      R10, 1
;__Lib_Math.c,167 :: 		
0x0087	0x0875      	MOVF       R5, 0
;__Lib_Math.c,168 :: 		
0x0088	0x1803      	BTFSC      STATUS, 0
;__Lib_Math.c,169 :: 		
0x0089	0x0F75      	INCFSZ     R5, 0
;__Lib_Math.c,170 :: 		
0x008A	0x07FB      	ADDWF      R11, 1
;__Lib_Math.c,171 :: 		
0x008B	0x0CFB      	RRF        R11, 1
;__Lib_Math.c,172 :: 		
0x008C	0x0CFA      	RRF        R10, 1
;__Lib_Math.c,173 :: 		
0x008D	0x0CF9      	RRF        R9, 1
;__Lib_Math.c,174 :: 		
0x008E	0x0CF8      	RRF        R8, 1
;__Lib_Math.c,175 :: 		
0x008F	0x1C03      	BTFSS      STATUS, 0
;__Lib_Math.c,176 :: 		
0x0090	0x2876      	GOTO       $-26
;__Lib_Math.c,177 :: 		
0x0091	0x087B      	MOVF       R11, 0
;__Lib_Math.c,178 :: 		
0x0092	0x00F3      	MOVWF      R3
;__Lib_Math.c,179 :: 		
0x0093	0x087A      	MOVF       R10, 0
;__Lib_Math.c,180 :: 		
0x0094	0x00F2      	MOVWF      R2
;__Lib_Math.c,181 :: 		
0x0095	0x0879      	MOVF       R9, 0
;__Lib_Math.c,182 :: 		
0x0096	0x00F1      	MOVWF      R1
;__Lib_Math.c,183 :: 		
0x0097	0x0878      	MOVF       R8, 0
;__Lib_Math.c,184 :: 		
0x0098	0x00F0      	MOVWF      R0
;__Lib_Math.c,187 :: 		
L_end_Mul_16X16_U:
0x0099	0x0008      	RETURN
; end of _Mul_16X16_U
_Lcd_Chr_CP:
;__Lib_Lcd.c,50 :: 		
;__Lib_Lcd.c,52 :: 		
0x009A	0x1283      	BCF        STATUS, 5
0x009B	0x1303      	BCF        STATUS, 6
0x009C	0x103C      	BCF        __Lib_Lcd_cmd_status, BitPos(__Lib_Lcd_cmd_status+0)
;__Lib_Lcd.c,53 :: 		
0x009D	0x0848      	MOVF       FARG_Lcd_Chr_CP_out_char, 0
0x009E	0x00C9      	MOVWF      FARG_Lcd_Cmd_out_char
0x009F	0x202F      	CALL       _Lcd_Cmd
;__Lib_Lcd.c,54 :: 		
0x00A0	0x143C      	BSF        __Lib_Lcd_cmd_status, BitPos(__Lib_Lcd_cmd_status+0)
;__Lib_Lcd.c,55 :: 		
L_end_Lcd_Chr_CP:
0x00A1	0x0008      	RETURN
; end of _Lcd_Chr_CP
_Lcd_Init:
;__Lib_Lcd.c,84 :: 		
;__Lib_Lcd.c,86 :: 		
0x00A2	0x1683      	BSF        STATUS, 5
0x00A3	0x1303      	BCF        STATUS, 6
0x00A4	0x1185      	BCF        LCD_EN_Direction, BitPos(LCD_EN_Direction+0)
;__Lib_Lcd.c,87 :: 		
0x00A5	0x1105      	BCF        LCD_RS_Direction, BitPos(LCD_RS_Direction+0)
;__Lib_Lcd.c,88 :: 		
0x00A6	0x1086      	BCF        LCD_D4_Direction, BitPos(LCD_D4_Direction+0)
;__Lib_Lcd.c,89 :: 		
0x00A7	0x1106      	BCF        LCD_D5_Direction, BitPos(LCD_D5_Direction+0)
;__Lib_Lcd.c,90 :: 		
0x00A8	0x1206      	BCF        LCD_D6_Direction, BitPos(LCD_D6_Direction+0)
;__Lib_Lcd.c,91 :: 		
0x00A9	0x1286      	BCF        LCD_D7_Direction, BitPos(LCD_D7_Direction+0)
;__Lib_Lcd.c,93 :: 		
0x00AA	0x1283      	BCF        STATUS, 5
0x00AB	0x1185      	BCF        LCD_EN, BitPos(LCD_EN+0)
;__Lib_Lcd.c,94 :: 		
0x00AC	0x1105      	BCF        LCD_RS, BitPos(LCD_RS+0)
;__Lib_Lcd.c,95 :: 		
0x00AD	0x1286      	BCF        LCD_D7, BitPos(LCD_D7+0)
;__Lib_Lcd.c,96 :: 		
0x00AE	0x1206      	BCF        LCD_D6, BitPos(LCD_D6+0)
;__Lib_Lcd.c,97 :: 		
0x00AF	0x1106      	BCF        LCD_D5, BitPos(LCD_D5+0)
;__Lib_Lcd.c,98 :: 		
0x00B0	0x1086      	BCF        LCD_D4, BitPos(LCD_D4+0)
;__Lib_Lcd.c,100 :: 		
0x00B1	0x201C      	CALL       _Delay_5500us
;__Lib_Lcd.c,101 :: 		
0x00B2	0x201C      	CALL       _Delay_5500us
;__Lib_Lcd.c,102 :: 		
0x00B3	0x201C      	CALL       _Delay_5500us
;__Lib_Lcd.c,105 :: 		
0x00B4	0x1506      	BSF        LCD_D5, BitPos(LCD_D5+0)
;__Lib_Lcd.c,106 :: 		
0x00B5	0x1486      	BSF        LCD_D4, BitPos(LCD_D4+0)
;__Lib_Lcd.c,107 :: 		
0x00B6	0x1585      	BSF        LCD_EN, BitPos(LCD_EN+0)
;__Lib_Lcd.c,108 :: 		
0x00B7	0x2017      	CALL       _Delay_1us
;__Lib_Lcd.c,109 :: 		
0x00B8	0x1185      	BCF        LCD_EN, BitPos(LCD_EN+0)
;__Lib_Lcd.c,110 :: 		
0x00B9	0x201C      	CALL       _Delay_5500us
;__Lib_Lcd.c,112 :: 		
0x00BA	0x1585      	BSF        LCD_EN, BitPos(LCD_EN+0)
;__Lib_Lcd.c,113 :: 		
0x00BB	0x2017      	CALL       _Delay_1us
;__Lib_Lcd.c,114 :: 		
0x00BC	0x1185      	BCF        LCD_EN, BitPos(LCD_EN+0)
;__Lib_Lcd.c,115 :: 		
0x00BD	0x201C      	CALL       _Delay_5500us
;__Lib_Lcd.c,117 :: 		
0x00BE	0x1585      	BSF        LCD_EN, BitPos(LCD_EN+0)
;__Lib_Lcd.c,118 :: 		
0x00BF	0x2017      	CALL       _Delay_1us
;__Lib_Lcd.c,119 :: 		
0x00C0	0x1185      	BCF        LCD_EN, BitPos(LCD_EN+0)
;__Lib_Lcd.c,120 :: 		
0x00C1	0x201C      	CALL       _Delay_5500us
;__Lib_Lcd.c,123 :: 		
0x00C2	0x1086      	BCF        LCD_D4, BitPos(LCD_D4+0)
;__Lib_Lcd.c,124 :: 		
0x00C3	0x1585      	BSF        LCD_EN, BitPos(LCD_EN+0)
;__Lib_Lcd.c,125 :: 		
0x00C4	0x2017      	CALL       _Delay_1us
;__Lib_Lcd.c,126 :: 		
0x00C5	0x1185      	BCF        LCD_EN, BitPos(LCD_EN+0)
;__Lib_Lcd.c,127 :: 		
0x00C6	0x201C      	CALL       _Delay_5500us
;__Lib_Lcd.c,130 :: 		
0x00C7	0x1585      	BSF        LCD_EN, BitPos(LCD_EN+0)
;__Lib_Lcd.c,131 :: 		
0x00C8	0x2017      	CALL       _Delay_1us
;__Lib_Lcd.c,132 :: 		
0x00C9	0x1185      	BCF        LCD_EN, BitPos(LCD_EN+0)
;__Lib_Lcd.c,134 :: 		
0x00CA	0x1106      	BCF        LCD_D5, BitPos(LCD_D5+0)
;__Lib_Lcd.c,135 :: 		
0x00CB	0x1686      	BSF        LCD_D7, BitPos(LCD_D7+0)
;__Lib_Lcd.c,136 :: 		
0x00CC	0x1585      	BSF        LCD_EN, BitPos(LCD_EN+0)
;__Lib_Lcd.c,137 :: 		
0x00CD	0x2017      	CALL       _Delay_1us
;__Lib_Lcd.c,138 :: 		
0x00CE	0x1185      	BCF        LCD_EN, BitPos(LCD_EN+0)
;__Lib_Lcd.c,139 :: 		
0x00CF	0x201C      	CALL       _Delay_5500us
;__Lib_Lcd.c,142 :: 		
0x00D0	0x1286      	BCF        LCD_D7, BitPos(LCD_D7+0)
;__Lib_Lcd.c,143 :: 		
0x00D1	0x1486      	BSF        LCD_D4, BitPos(LCD_D4+0)
;__Lib_Lcd.c,144 :: 		
0x00D2	0x1585      	BSF        LCD_EN, BitPos(LCD_EN+0)
;__Lib_Lcd.c,145 :: 		
0x00D3	0x2017      	CALL       _Delay_1us
;__Lib_Lcd.c,146 :: 		
0x00D4	0x1185      	BCF        LCD_EN, BitPos(LCD_EN+0)
;__Lib_Lcd.c,148 :: 		
0x00D5	0x1086      	BCF        LCD_D4, BitPos(LCD_D4+0)
;__Lib_Lcd.c,149 :: 		
0x00D6	0x1585      	BSF        LCD_EN, BitPos(LCD_EN+0)
;__Lib_Lcd.c,150 :: 		
0x00D7	0x2017      	CALL       _Delay_1us
;__Lib_Lcd.c,151 :: 		
0x00D8	0x1185      	BCF        LCD_EN, BitPos(LCD_EN+0)
;__Lib_Lcd.c,152 :: 		
0x00D9	0x201C      	CALL       _Delay_5500us
;__Lib_Lcd.c,155 :: 		
0x00DA	0x1585      	BSF        LCD_EN, BitPos(LCD_EN+0)
;__Lib_Lcd.c,156 :: 		
0x00DB	0x2017      	CALL       _Delay_1us
;__Lib_Lcd.c,157 :: 		
0x00DC	0x1185      	BCF        LCD_EN, BitPos(LCD_EN+0)
;__Lib_Lcd.c,159 :: 		
0x00DD	0x1486      	BSF        LCD_D4, BitPos(LCD_D4+0)
;__Lib_Lcd.c,160 :: 		
0x00DE	0x1585      	BSF        LCD_EN, BitPos(LCD_EN+0)
;__Lib_Lcd.c,161 :: 		
0x00DF	0x2017      	CALL       _Delay_1us
;__Lib_Lcd.c,162 :: 		
0x00E0	0x1185      	BCF        LCD_EN, BitPos(LCD_EN+0)
;__Lib_Lcd.c,163 :: 		
0x00E1	0x201C      	CALL       _Delay_5500us
;__Lib_Lcd.c,166 :: 		
0x00E2	0x1086      	BCF        LCD_D4, BitPos(LCD_D4+0)
;__Lib_Lcd.c,167 :: 		
0x00E3	0x1585      	BSF        LCD_EN, BitPos(LCD_EN+0)
;__Lib_Lcd.c,168 :: 		
0x00E4	0x2017      	CALL       _Delay_1us
;__Lib_Lcd.c,169 :: 		
0x00E5	0x1185      	BCF        LCD_EN, BitPos(LCD_EN+0)
;__Lib_Lcd.c,171 :: 		
0x00E6	0x1686      	BSF        LCD_D7, BitPos(LCD_D7+0)
;__Lib_Lcd.c,172 :: 		
0x00E7	0x1606      	BSF        LCD_D6, BitPos(LCD_D6+0)
;__Lib_Lcd.c,173 :: 		
0x00E8	0x1506      	BSF        LCD_D5, BitPos(LCD_D5+0)
;__Lib_Lcd.c,174 :: 		
0x00E9	0x1486      	BSF        LCD_D4, BitPos(LCD_D4+0)
;__Lib_Lcd.c,175 :: 		
0x00EA	0x1585      	BSF        LCD_EN, BitPos(LCD_EN+0)
;__Lib_Lcd.c,176 :: 		
0x00EB	0x2017      	CALL       _Delay_1us
;__Lib_Lcd.c,177 :: 		
0x00EC	0x1185      	BCF        LCD_EN, BitPos(LCD_EN+0)
;__Lib_Lcd.c,179 :: 		
0x00ED	0x201C      	CALL       _Delay_5500us
;__Lib_Lcd.c,181 :: 		
0x00EE	0x143C      	BSF        __Lib_Lcd_cmd_status, BitPos(__Lib_Lcd_cmd_status+0)
;__Lib_Lcd.c,182 :: 		
L_end_Lcd_Init:
0x00EF	0x0008      	RETURN
; end of _Lcd_Init
_Lcd_Out:
;__Lib_Lcd.c,184 :: 		
;__Lib_Lcd.c,187 :: 		
0x00F0	0x2902      	GOTO       L_Lcd_Out11
;__Lib_Lcd.c,188 :: 		
L_Lcd_Out13:
0x00F1	0x3080      	MOVLW      128
0x00F2	0x1283      	BCF        STATUS, 5
0x00F3	0x1303      	BCF        STATUS, 6
0x00F4	0x00C4      	MOVWF      FARG_Lcd_Out_row
0x00F5	0x2915      	GOTO       L_Lcd_Out12
;__Lib_Lcd.c,189 :: 		
L_Lcd_Out14:
0x00F6	0x30C0      	MOVLW      192
0x00F7	0x00C4      	MOVWF      FARG_Lcd_Out_row
0x00F8	0x2915      	GOTO       L_Lcd_Out12
;__Lib_Lcd.c,190 :: 		
L_Lcd_Out15:
0x00F9	0x3094      	MOVLW      148
0x00FA	0x00C4      	MOVWF      FARG_Lcd_Out_row
0x00FB	0x2915      	GOTO       L_Lcd_Out12
;__Lib_Lcd.c,191 :: 		
L_Lcd_Out16:
0x00FC	0x30D4      	MOVLW      212
0x00FD	0x00C4      	MOVWF      FARG_Lcd_Out_row
0x00FE	0x2915      	GOTO       L_Lcd_Out12
;__Lib_Lcd.c,192 :: 		
L_Lcd_Out17:
0x00FF	0x3080      	MOVLW      128
0x0100	0x00C4      	MOVWF      FARG_Lcd_Out_row
;__Lib_Lcd.c,193 :: 		
0x0101	0x2915      	GOTO       L_Lcd_Out12
L_Lcd_Out11:
0x0102	0x1283      	BCF        STATUS, 5
0x0103	0x1303      	BCF        STATUS, 6
0x0104	0x0844      	MOVF       FARG_Lcd_Out_row, 0
0x0105	0x3A01      	XORLW      1
0x0106	0x1903      	BTFSC      STATUS, 2
0x0107	0x28F1      	GOTO       L_Lcd_Out13
0x0108	0x0844      	MOVF       FARG_Lcd_Out_row, 0
0x0109	0x3A02      	XORLW      2
0x010A	0x1903      	BTFSC      STATUS, 2
0x010B	0x28F6      	GOTO       L_Lcd_Out14
0x010C	0x0844      	MOVF       FARG_Lcd_Out_row, 0
0x010D	0x3A03      	XORLW      3
0x010E	0x1903      	BTFSC      STATUS, 2
0x010F	0x28F9      	GOTO       L_Lcd_Out15
0x0110	0x0844      	MOVF       FARG_Lcd_Out_row, 0
0x0111	0x3A04      	XORLW      4
0x0112	0x1903      	BTFSC      STATUS, 2
0x0113	0x28FC      	GOTO       L_Lcd_Out16
0x0114	0x28FF      	GOTO       L_Lcd_Out17
L_Lcd_Out12:
;__Lib_Lcd.c,194 :: 		
0x0115	0x0345      	DECF       FARG_Lcd_Out_column, 0
0x0116	0x00F0      	MOVWF      R0
0x0117	0x0844      	MOVF       FARG_Lcd_Out_row, 0
0x0118	0x07F0      	ADDWF      R0, 1
0x0119	0x0870      	MOVF       R0, 0
0x011A	0x00C4      	MOVWF      FARG_Lcd_Out_row
;__Lib_Lcd.c,196 :: 		
0x011B	0x0870      	MOVF       R0, 0
0x011C	0x00C9      	MOVWF      FARG_Lcd_Cmd_out_char
0x011D	0x202F      	CALL       _Lcd_Cmd
;__Lib_Lcd.c,197 :: 		
0x011E	0x103C      	BCF        __Lib_Lcd_cmd_status, BitPos(__Lib_Lcd_cmd_status+0)
;__Lib_Lcd.c,198 :: 		
0x011F	0x01C7      	CLRF       Lcd_Out_i_L0
;__Lib_Lcd.c,199 :: 		
L_Lcd_Out18:
0x0120	0x0847      	MOVF       Lcd_Out_i_L0, 0
0x0121	0x0746      	ADDWF      FARG_Lcd_Out_text, 0
0x0122	0x0084      	MOVWF      FSR
0x0123	0x0800      	MOVF       INDF, 0
0x0124	0x1903      	BTFSC      STATUS, 2
0x0125	0x292E      	GOTO       L_Lcd_Out19
;__Lib_Lcd.c,200 :: 		
0x0126	0x0847      	MOVF       Lcd_Out_i_L0, 0
0x0127	0x0746      	ADDWF      FARG_Lcd_Out_text, 0
0x0128	0x0084      	MOVWF      FSR
0x0129	0x0800      	MOVF       INDF, 0
0x012A	0x00C8      	MOVWF      FARG_Lcd_Chr_CP_out_char
0x012B	0x209A      	CALL       _Lcd_Chr_CP
0x012C	0x0AC7      	INCF       Lcd_Out_i_L0, 1
0x012D	0x2920      	GOTO       L_Lcd_Out18
L_Lcd_Out19:
;__Lib_Lcd.c,201 :: 		
0x012E	0x143C      	BSF        __Lib_Lcd_cmd_status, BitPos(__Lib_Lcd_cmd_status+0)
;__Lib_Lcd.c,202 :: 		
L_end_Lcd_Out:
0x012F	0x0008      	RETURN
; end of _Lcd_Out
_PWM1_Start:
;__Lib_PWM_c21.c,50 :: 		
;__Lib_PWM_c21.c,51 :: 		
0x0130	0x1683      	BSF        STATUS, 5
0x0131	0x1303      	BCF        STATUS, 6
0x0132	0x1107      	BCF        TRISC2_bit, BitPos(TRISC2_bit+0)
;__Lib_PWM_c21.c,52 :: 		
0x0133	0x1283      	BCF        STATUS, 5
0x0134	0x1512      	BSF        T2CON, 2
;__Lib_PWM_c21.c,53 :: 		
0x0135	0x300C      	MOVLW      12
0x0136	0x0497      	IORWF      CCP1CON, 1
;__Lib_PWM_c21.c,54 :: 		
L_end_PWM1_Start:
0x0137	0x0008      	RETURN
; end of _PWM1_Start
_PWM1_Init:
;__Lib_PWM_c21.c,32 :: 		
;__Lib_PWM_c21.c,33 :: 		
;__Lib_PWM_c21.c,34 :: 		
0x0138	0x1283      	BCF        STATUS, 5
0x0139	0x1303      	BCF        STATUS, 6
0x013A	0x0195      	CLRF       CCPR1L
;__Lib_PWM_c21.c,35 :: 		
0x013B	0x1217      	BCF        CCP1CON, 4
;__Lib_PWM_c21.c,36 :: 		
0x013C	0x1297      	BCF        CCP1CON, 5
;__Lib_PWM_c21.c,37 :: 		
L_end_PWM1_Init:
0x013D	0x0008      	RETURN
; end of _PWM1_Init
_PWM1_Set_Duty:
;__Lib_PWM_c21.c,39 :: 		
;__Lib_PWM_c21.c,43 :: 		
0x013E	0x1683      	BSF        STATUS, 5
0x013F	0x1303      	BCF        STATUS, 6
0x0140	0x0812      	MOVF       PR2, 0
0x0141	0x3E01      	ADDLW      1
0x0142	0x00F0      	MOVWF      R0
0x0143	0x01F1      	CLRF       R0+1
0x0144	0x1803      	BTFSC      STATUS, 0
0x0145	0x0AF1      	INCF       R0+1, 1
0x0146	0x1283      	BCF        STATUS, 5
0x0147	0x0844      	MOVF       FARG_PWM1_Set_Duty_new_duty, 0
0x0148	0x00F4      	MOVWF      R4
0x0149	0x01F5      	CLRF       R4+1
0x014A	0x206F      	CALL       _Mul_16X16_U
0x014B	0x3006      	MOVLW      6
0x014C	0x00F2      	MOVWF      R2
0x014D	0x0870      	MOVF       R0, 0
0x014E	0x00F4      	MOVWF      R4
0x014F	0x0871      	MOVF       R0+1, 0
0x0150	0x00F5      	MOVWF      R4+1
0x0151	0x0872      	MOVF       R2, 0
L__PWM1_Set_Duty10:
0x0152	0x1903      	BTFSC      STATUS, 2
0x0153	0x2959      	GOTO       L__PWM1_Set_Duty11
0x0154	0x0CF5      	RRF        R4+1, 1
0x0155	0x0CF4      	RRF        R4, 1
0x0156	0x13F5      	BCF        R4+1, 7
0x0157	0x3EFF      	ADDLW      255
0x0158	0x2952      	GOTO       L__PWM1_Set_Duty10
L__PWM1_Set_Duty11:
;__Lib_PWM_c21.c,44 :: 		
0x0159	0x3004      	MOVLW      4
0x015A	0x00F1      	MOVWF      R1
0x015B	0x0874      	MOVF       R4, 0
0x015C	0x00F0      	MOVWF      R0
0x015D	0x0871      	MOVF       R1, 0
L__PWM1_Set_Duty12:
0x015E	0x1903      	BTFSC      STATUS, 2
0x015F	0x2964      	GOTO       L__PWM1_Set_Duty13
0x0160	0x0DF0      	RLF        R0, 1
0x0161	0x1070      	BCF        R0, 0
0x0162	0x3EFF      	ADDLW      255
0x0163	0x295E      	GOTO       L__PWM1_Set_Duty12
L__PWM1_Set_Duty13:
0x0164	0x3030      	MOVLW      48
0x0165	0x0570      	ANDWF      R0, 0
0x0166	0x00F3      	MOVWF      R3
;__Lib_PWM_c21.c,45 :: 		
0x0167	0x0874      	MOVF       R4, 0
0x0168	0x00F0      	MOVWF      R0
0x0169	0x0875      	MOVF       R4+1, 0
0x016A	0x00F1      	MOVWF      R0+1
0x016B	0x0CF1      	RRF        R0+1, 1
0x016C	0x0CF0      	RRF        R0, 1
0x016D	0x13F1      	BCF        R0+1, 7
0x016E	0x0CF1      	RRF        R0+1, 1
0x016F	0x0CF0      	RRF        R0, 1
0x0170	0x13F1      	BCF        R0+1, 7
0x0171	0x0870      	MOVF       R0, 0
0x0172	0x0095      	MOVWF      CCPR1L
;__Lib_PWM_c21.c,46 :: 		
0x0173	0x300F      	MOVLW      15
0x0174	0x0597      	ANDWF      CCP1CON, 1
;__Lib_PWM_c21.c,47 :: 		
0x0175	0x0873      	MOVF       R3, 0
0x0176	0x0497      	IORWF      CCP1CON, 1
;__Lib_PWM_c21.c,48 :: 		
L_end_PWM1_Set_Duty:
0x0177	0x0008      	RETURN
; end of _PWM1_Set_Duty
_____DoICP:
;__Lib_System.c,6 :: 		
;__Lib_System.c,9 :: 		
0x0178	0x1283      	BCF        STATUS, 5
0x0179	0x1303      	BCF        STATUS, 6
0x017A	0x083E      	MOVF       ___DoICPAddr+1, 0
0x017B	0x008A      	MOVWF      PCLATH
;__Lib_System.c,10 :: 		
0x017C	0x083D      	MOVF       ___DoICPAddr, 0
0x017D	0x0082      	MOVWF      PCL
;__Lib_System.c,12 :: 		
L_end_____DoICP:
0x017E	0x0008      	RETURN
; end of _____DoICP
_Lcd_Chr:
;__Lib_Lcd.c,65 :: 		
;__Lib_Lcd.c,66 :: 		
0x017F	0x2991      	GOTO       L_Lcd_Chr4
;__Lib_Lcd.c,67 :: 		
L_Lcd_Chr6:
0x0180	0x3080      	MOVLW      128
0x0181	0x1283      	BCF        STATUS, 5
0x0182	0x1303      	BCF        STATUS, 6
0x0183	0x00C1      	MOVWF      FARG_Lcd_Chr_row
0x0184	0x29A4      	GOTO       L_Lcd_Chr5
;__Lib_Lcd.c,68 :: 		
L_Lcd_Chr7:
0x0185	0x30C0      	MOVLW      192
0x0186	0x00C1      	MOVWF      FARG_Lcd_Chr_row
0x0187	0x29A4      	GOTO       L_Lcd_Chr5
;__Lib_Lcd.c,69 :: 		
L_Lcd_Chr8:
0x0188	0x3094      	MOVLW      148
0x0189	0x00C1      	MOVWF      FARG_Lcd_Chr_row
0x018A	0x29A4      	GOTO       L_Lcd_Chr5
;__Lib_Lcd.c,70 :: 		
L_Lcd_Chr9:
0x018B	0x30D4      	MOVLW      212
0x018C	0x00C1      	MOVWF      FARG_Lcd_Chr_row
0x018D	0x29A4      	GOTO       L_Lcd_Chr5
;__Lib_Lcd.c,71 :: 		
L_Lcd_Chr10:
0x018E	0x3080      	MOVLW      128
0x018F	0x00C1      	MOVWF      FARG_Lcd_Chr_row
;__Lib_Lcd.c,72 :: 		
0x0190	0x29A4      	GOTO       L_Lcd_Chr5
L_Lcd_Chr4:
0x0191	0x1283      	BCF        STATUS, 5
0x0192	0x1303      	BCF        STATUS, 6
0x0193	0x0841      	MOVF       FARG_Lcd_Chr_row, 0
0x0194	0x3A01      	XORLW      1
0x0195	0x1903      	BTFSC      STATUS, 2
0x0196	0x2980      	GOTO       L_Lcd_Chr6
0x0197	0x0841      	MOVF       FARG_Lcd_Chr_row, 0
0x0198	0x3A02      	XORLW      2
0x0199	0x1903      	BTFSC      STATUS, 2
0x019A	0x2985      	GOTO       L_Lcd_Chr7
0x019B	0x0841      	MOVF       FARG_Lcd_Chr_row, 0
0x019C	0x3A03      	XORLW      3
0x019D	0x1903      	BTFSC      STATUS, 2
0x019E	0x2988      	GOTO       L_Lcd_Chr8
0x019F	0x0841      	MOVF       FARG_Lcd_Chr_row, 0
0x01A0	0x3A04      	XORLW      4
0x01A1	0x1903      	BTFSC      STATUS, 2
0x01A2	0x298B      	GOTO       L_Lcd_Chr9
0x01A3	0x298E      	GOTO       L_Lcd_Chr10
L_Lcd_Chr5:
;__Lib_Lcd.c,74 :: 		
0x01A4	0x0342      	DECF       FARG_Lcd_Chr_column, 0
0x01A5	0x00F0      	MOVWF      R0
0x01A6	0x0841      	MOVF       FARG_Lcd_Chr_row, 0
0x01A7	0x07F0      	ADDWF      R0, 1
0x01A8	0x0870      	MOVF       R0, 0
0x01A9	0x00C1      	MOVWF      FARG_Lcd_Chr_row
;__Lib_Lcd.c,76 :: 		
0x01AA	0x143C      	BSF        __Lib_Lcd_cmd_status, BitPos(__Lib_Lcd_cmd_status+0)
;__Lib_Lcd.c,77 :: 		
0x01AB	0x0870      	MOVF       R0, 0
0x01AC	0x00C9      	MOVWF      FARG_Lcd_Cmd_out_char
0x01AD	0x202F      	CALL       _Lcd_Cmd
;__Lib_Lcd.c,79 :: 		
0x01AE	0x103C      	BCF        __Lib_Lcd_cmd_status, BitPos(__Lib_Lcd_cmd_status+0)
;__Lib_Lcd.c,80 :: 		
0x01AF	0x0843      	MOVF       FARG_Lcd_Chr_out_char, 0
0x01B0	0x00C9      	MOVWF      FARG_Lcd_Cmd_out_char
0x01B1	0x202F      	CALL       _Lcd_Cmd
;__Lib_Lcd.c,81 :: 		
0x01B2	0x143C      	BSF        __Lib_Lcd_cmd_status, BitPos(__Lib_Lcd_cmd_status+0)
;__Lib_Lcd.c,82 :: 		
L_end_Lcd_Chr:
0x01B3	0x0008      	RETURN
; end of _Lcd_Chr
_iniciarPwm:
;circuito_rcrc.c,147 :: 		void iniciarPwm() {
;circuito_rcrc.c,148 :: 		PWM1_Init(1000);
0x01B4	0x1283      	BCF        STATUS, 5
0x01B5	0x1303      	BCF        STATUS, 6
0x01B6	0x1412      	BSF        T2CON, 0
0x01B7	0x1492      	BSF        T2CON, 1
0x01B8	0x30F9      	MOVLW      249
0x01B9	0x1683      	BSF        STATUS, 5
0x01BA	0x0092      	MOVWF      PR2
0x01BB	0x2138      	CALL       _PWM1_Init
;circuito_rcrc.c,149 :: 		PWM1_Set_Duty(0);
0x01BC	0x01C4      	CLRF       FARG_PWM1_Set_Duty_new_duty
0x01BD	0x213E      	CALL       _PWM1_Set_Duty
;circuito_rcrc.c,150 :: 		PWM1_Start();
0x01BE	0x2130      	CALL       _PWM1_Start
;circuito_rcrc.c,151 :: 		}
L_end_iniciarPwm:
0x01BF	0x0008      	RETURN
; end of _iniciarPwm
_UART1_Init:
;__Lib_UART_c67.c,2 :: 		
;__Lib_UART_c67.c,5 :: 		
0x01C0	0x1683      	BSF        STATUS, 5
0x01C1	0x1303      	BCF        STATUS, 6
0x01C2	0x1698      	BSF        TXSTA, 5
;__Lib_UART_c67.c,6 :: 		
0x01C3	0x3090      	MOVLW      144
0x01C4	0x1283      	BCF        STATUS, 5
0x01C5	0x0098      	MOVWF      RCSTA
;__Lib_UART_c67.c,7 :: 		
0x01C6	0x1683      	BSF        STATUS, 5
0x01C7	0x1787      	BSF        TRISC7_bit, BitPos(TRISC7_bit+0)
;__Lib_UART_c67.c,8 :: 		
0x01C8	0x1307      	BCF        TRISC6_bit, BitPos(TRISC6_bit+0)
;__Lib_UART_c67.c,10 :: 		
L_UART1_Init0:
0x01C9	0x1283      	BCF        STATUS, 5
0x01CA	0x1E8C      	BTFSS      PIR1, 5
0x01CB	0x29CF      	GOTO       L_UART1_Init1
;__Lib_UART_c67.c,11 :: 		
0x01CC	0x081A      	MOVF       RCREG, 0
0x01CD	0x00F0      	MOVWF      R0
0x01CE	0x29C9      	GOTO       L_UART1_Init0
L_UART1_Init1:
;__Lib_UART_c67.c,12 :: 		
L_end_UART1_Init:
0x01CF	0x0008      	RETURN
; end of _UART1_Init
_testarBotoes:
;circuito_rcrc.c,153 :: 		void testarBotoes() {
;circuito_rcrc.c,155 :: 		if (!botaoIncremento) {
0x01D0	0x1283      	BCF        STATUS, 5
0x01D1	0x1303      	BCF        STATUS, 6
0x01D2	0x1806      	BTFSC      PORTB, 0
0x01D3	0x29D5      	GOTO       L_testarBotoes9
;circuito_rcrc.c,156 :: 		flagIncremento = 1;
0x01D4	0x14BB      	BSF        _flagsA, 1
;circuito_rcrc.c,157 :: 		}
L_testarBotoes9:
;circuito_rcrc.c,159 :: 		if (flagIncremento && botaoIncremento) {
0x01D5	0x1CBB      	BTFSS      _flagsA, 1
0x01D6	0x29DE      	GOTO       L_testarBotoes12
0x01D7	0x1C06      	BTFSS      PORTB, 0
0x01D8	0x29DE      	GOTO       L_testarBotoes12
L__testarBotoes20:
;circuito_rcrc.c,160 :: 		flagIncremento = 0;
0x01D9	0x10BB      	BCF        _flagsA, 1
;circuito_rcrc.c,161 :: 		selecaoModo++;
0x01DA	0x0ABA      	INCF       _selecaoModo, 1
;circuito_rcrc.c,162 :: 		Lcd_Cmd(_LCD_CLEAR);
0x01DB	0x3001      	MOVLW      1
0x01DC	0x00C9      	MOVWF      FARG_Lcd_Cmd_out_char
0x01DD	0x202F      	CALL       _Lcd_Cmd
;circuito_rcrc.c,163 :: 		}
L_testarBotoes12:
;circuito_rcrc.c,165 :: 		if (!botaoDecremento) {
0x01DE	0x1986      	BTFSC      PORTB, 3
0x01DF	0x29E1      	GOTO       L_testarBotoes13
;circuito_rcrc.c,166 :: 		flagDecremento = 1;
0x01E0	0x153B      	BSF        _flagsA, 2
;circuito_rcrc.c,167 :: 		}
L_testarBotoes13:
;circuito_rcrc.c,169 :: 		if (flagDecremento && botaoDecremento) {
0x01E1	0x1D3B      	BTFSS      _flagsA, 2
0x01E2	0x29EA      	GOTO       L_testarBotoes16
0x01E3	0x1D86      	BTFSS      PORTB, 3
0x01E4	0x29EA      	GOTO       L_testarBotoes16
L__testarBotoes19:
;circuito_rcrc.c,170 :: 		flagDecremento = 0;
0x01E5	0x113B      	BCF        _flagsA, 2
;circuito_rcrc.c,171 :: 		selecaoModo--;
0x01E6	0x03BA      	DECF       _selecaoModo, 1
;circuito_rcrc.c,172 :: 		Lcd_Cmd(_LCD_CLEAR);
0x01E7	0x3001      	MOVLW      1
0x01E8	0x00C9      	MOVWF      FARG_Lcd_Cmd_out_char
0x01E9	0x202F      	CALL       _Lcd_Cmd
;circuito_rcrc.c,173 :: 		}
L_testarBotoes16:
;circuito_rcrc.c,175 :: 		if (selecaoModo < 0) {
0x01EA	0x3080      	MOVLW      128
0x01EB	0x063A      	XORWF      _selecaoModo, 0
0x01EC	0x00F0      	MOVWF      R0
0x01ED	0x3080      	MOVLW      128
0x01EE	0x3A00      	XORLW      0
0x01EF	0x0270      	SUBWF      R0, 0
0x01F0	0x1803      	BTFSC      STATUS, 0
0x01F1	0x29F4      	GOTO       L_testarBotoes17
;circuito_rcrc.c,176 :: 		selecaoModo = 2;
0x01F2	0x3002      	MOVLW      2
0x01F3	0x00BA      	MOVWF      _selecaoModo
;circuito_rcrc.c,177 :: 		}
L_testarBotoes17:
;circuito_rcrc.c,178 :: 		if (selecaoModo > 2) {
0x01F4	0x3080      	MOVLW      128
0x01F5	0x3A02      	XORLW      2
0x01F6	0x00F0      	MOVWF      R0
0x01F7	0x3080      	MOVLW      128
0x01F8	0x063A      	XORWF      _selecaoModo, 0
0x01F9	0x0270      	SUBWF      R0, 0
0x01FA	0x1803      	BTFSC      STATUS, 0
0x01FB	0x29FD      	GOTO       L_testarBotoes18
;circuito_rcrc.c,179 :: 		selecaoModo = 0;
0x01FC	0x01BA      	CLRF       _selecaoModo
;circuito_rcrc.c,180 :: 		}
L_testarBotoes18:
;circuito_rcrc.c,181 :: 		}
L_end_testarBotoes:
0x01FD	0x0008      	RETURN
; end of _testarBotoes
_iniciarLcd:
;circuito_rcrc.c,139 :: 		void iniciarLcd() {
;circuito_rcrc.c,140 :: 		Lcd_Init();
0x01FE	0x20A2      	CALL       _Lcd_Init
;circuito_rcrc.c,141 :: 		Lcd_Cmd(_LCD_CLEAR);
0x01FF	0x3001      	MOVLW      1
0x0200	0x00C9      	MOVWF      FARG_Lcd_Cmd_out_char
0x0201	0x202F      	CALL       _Lcd_Cmd
;circuito_rcrc.c,142 :: 		Lcd_Cmd(_LCD_CURSOR_OFF);
0x0202	0x300C      	MOVLW      12
0x0203	0x00C9      	MOVWF      FARG_Lcd_Cmd_out_char
0x0204	0x202F      	CALL       _Lcd_Cmd
;circuito_rcrc.c,143 :: 		Lcd_Out(1, 2, "Lab Controle 1");
0x0205	0x3001      	MOVLW      1
0x0206	0x00C4      	MOVWF      FARG_Lcd_Out_row
0x0207	0x3002      	MOVLW      2
0x0208	0x00C5      	MOVWF      FARG_Lcd_Out_column
0x0209	0x302B      	MOVLW      ?lstr1_circuito_rcrc
0x020A	0x00C6      	MOVWF      FARG_Lcd_Out_text
0x020B	0x20F0      	CALL       _Lcd_Out
;circuito_rcrc.c,144 :: 		Lcd_Out(2, 3, "IFSP - SPO");
0x020C	0x3002      	MOVLW      2
0x020D	0x00C4      	MOVWF      FARG_Lcd_Out_row
0x020E	0x3003      	MOVLW      3
0x020F	0x00C5      	MOVWF      FARG_Lcd_Out_column
0x0210	0x3020      	MOVLW      ?lstr2_circuito_rcrc
0x0211	0x00C6      	MOVWF      FARG_Lcd_Out_text
0x0212	0x20F0      	CALL       _Lcd_Out
;circuito_rcrc.c,145 :: 		}
L_end_iniciarLcd:
0x0213	0x0008      	RETURN
; end of _iniciarLcd
_configurarRegistradores:
;circuito_rcrc.c,99 :: 		void configurarRegistradores() {
;circuito_rcrc.c,103 :: 		TRISB = 0b11001001;
0x0214	0x30C9      	MOVLW      201
0x0215	0x1683      	BSF        STATUS, 5
0x0216	0x1303      	BCF        STATUS, 6
0x0217	0x0086      	MOVWF      TRISB
;circuito_rcrc.c,104 :: 		TRISA = 0b00110011;
0x0218	0x3033      	MOVLW      51
0x0219	0x0085      	MOVWF      TRISA
;circuito_rcrc.c,105 :: 		CMCON = 0x07;
0x021A	0x3007      	MOVLW      7
0x021B	0x009C      	MOVWF      CMCON
;circuito_rcrc.c,106 :: 		ADCON0 = 0b00000001;
0x021C	0x3001      	MOVLW      1
0x021D	0x1283      	BCF        STATUS, 5
0x021E	0x009F      	MOVWF      ADCON0
;circuito_rcrc.c,107 :: 		ADCON1 = 0b00001110;
0x021F	0x300E      	MOVLW      14
0x0220	0x1683      	BSF        STATUS, 5
0x0221	0x009F      	MOVWF      ADCON1
;circuito_rcrc.c,108 :: 		TRISC.F0 = 0;
0x0222	0x1007      	BCF        TRISC, 0
;circuito_rcrc.c,109 :: 		PORTC.F0 = 0;
0x0223	0x1283      	BCF        STATUS, 5
0x0224	0x1007      	BCF        PORTC, 0
;circuito_rcrc.c,111 :: 		PORTA = 0x00;
0x0225	0x0185      	CLRF       PORTA
;circuito_rcrc.c,112 :: 		PORTB = 0x00;
0x0226	0x0186      	CLRF       PORTB
;circuito_rcrc.c,113 :: 		PORTC = 0x00;
0x0227	0x0187      	CLRF       PORTC
;circuito_rcrc.c,117 :: 		INTCON = 0b11100000;
0x0228	0x30E0      	MOVLW      224
0x0229	0x008B      	MOVWF      INTCON
;circuito_rcrc.c,118 :: 		TMR0 = 0x00;
0x022A	0x0181      	CLRF       TMR0
;circuito_rcrc.c,119 :: 		OPTION_REG = 0b10000000; // Ultimos 3 bits setam o prescaler:
0x022B	0x3080      	MOVLW      128
0x022C	0x1683      	BSF        STATUS, 5
0x022D	0x0081      	MOVWF      OPTION_REG
;circuito_rcrc.c,137 :: 		}
L_end_configurarRegistradores:
0x022E	0x0008      	RETURN
; end of _configurarRegistradores
___CC2DW:
;__Lib_System.c,134 :: 		
;__Lib_System.c,137 :: 		
_CC2D_Loop1:
;__Lib_System.c,139 :: 		
0x022F	0x2178      	CALL       _____DoICP
0x0230	0x118A      	BCF        PCLATH, 3
0x0231	0x120A      	BCF        PCLATH, 4
;__Lib_System.c,141 :: 		
0x0232	0x0080      	MOVWF      INDF
;__Lib_System.c,142 :: 		
0x0233	0x0A84      	INCF       FSR, 1
;__Lib_System.c,143 :: 		
0x0234	0x0ABD      	INCF       ___DoICPAddr, 1
;__Lib_System.c,145 :: 		
0x0235	0x1903      	BTFSC      STATUS, 2
;__Lib_System.c,146 :: 		
0x0236	0x0ABE      	INCF       ___DoICPAddr+1, 1
;__Lib_System.c,147 :: 		
0x0237	0x03F0      	DECF       R0, 1
;__Lib_System.c,149 :: 		
0x0238	0x1D03      	BTFSS      STATUS, 2
;__Lib_System.c,150 :: 		
0x0239	0x2A2F      	GOTO       _CC2D_Loop1
;__Lib_System.c,152 :: 		
L_end___CC2DW:
0x023A	0x0008      	RETURN
; end of ___CC2DW
_main:
0x023B	0x3049      	MOVLW      73
0x023C	0x1283      	BCF        STATUS, 5
0x023D	0x1303      	BCF        STATUS, 6
0x023E	0x00A0      	MOVWF      ?lstr2_circuito_rcrc
0x023F	0x3046      	MOVLW      70
0x0240	0x00A1      	MOVWF      33
0x0241	0x3053      	MOVLW      83
0x0242	0x00A2      	MOVWF      34
0x0243	0x3050      	MOVLW      80
0x0244	0x00A3      	MOVWF      35
0x0245	0x3020      	MOVLW      32
0x0246	0x00A4      	MOVWF      36
0x0247	0x302D      	MOVLW      45
0x0248	0x00A5      	MOVWF      37
0x0249	0x3020      	MOVLW      32
0x024A	0x00A6      	MOVWF      38
0x024B	0x3053      	MOVLW      83
0x024C	0x00A7      	MOVWF      39
0x024D	0x3050      	MOVLW      80
0x024E	0x00A8      	MOVWF      40
0x024F	0x304F      	MOVLW      79
0x0250	0x00A9      	MOVWF      41
0x0251	0x01AA      	CLRF       42
0x0252	0x304C      	MOVLW      76
0x0253	0x00AB      	MOVWF      ?lstr1_circuito_rcrc
0x0254	0x3061      	MOVLW      97
0x0255	0x00AC      	MOVWF      44
0x0256	0x3062      	MOVLW      98
0x0257	0x00AD      	MOVWF      45
0x0258	0x3020      	MOVLW      32
0x0259	0x00AE      	MOVWF      46
0x025A	0x3043      	MOVLW      67
0x025B	0x00AF      	MOVWF      47
0x025C	0x306F      	MOVLW      111
0x025D	0x00B0      	MOVWF      48
0x025E	0x306E      	MOVLW      110
0x025F	0x00B1      	MOVWF      49
0x0260	0x3074      	MOVLW      116
0x0261	0x00B2      	MOVWF      50
0x0262	0x3072      	MOVLW      114
0x0263	0x00B3      	MOVWF      51
0x0264	0x306F      	MOVLW      111
0x0265	0x00B4      	MOVWF      52
0x0266	0x306C      	MOVLW      108
0x0267	0x00B5      	MOVWF      53
0x0268	0x3065      	MOVLW      101
0x0269	0x00B6      	MOVWF      54
0x026A	0x3020      	MOVLW      32
0x026B	0x00B7      	MOVWF      55
0x026C	0x3031      	MOVLW      49
0x026D	0x00B8      	MOVWF      56
0x026E	0x01B9      	CLRF       57
0x026F	0x01BA      	CLRF       _selecaoModo
0x0270	0x01BB      	CLRF       _flagsA
;circuito_rcrc.c,51 :: 		void main() {
;circuito_rcrc.c,53 :: 		configurarRegistradores();
0x0271	0x2214      	CALL       _configurarRegistradores
;circuito_rcrc.c,54 :: 		iniciarLcd();
0x0272	0x21FE      	CALL       _iniciarLcd
;circuito_rcrc.c,55 :: 		iniciarPwm();
0x0273	0x21B4      	CALL       _iniciarPwm
;circuito_rcrc.c,56 :: 		UART1_Init(9600);
0x0274	0x3067      	MOVLW      103
0x0275	0x1683      	BSF        STATUS, 5
0x0276	0x0099      	MOVWF      SPBRG
0x0277	0x1518      	BSF        TXSTA, 2
0x0278	0x21C0      	CALL       _UART1_Init
;circuito_rcrc.c,57 :: 		delay_ms(2000);
0x0279	0x3029      	MOVLW      41
0x027A	0x00FB      	MOVWF      R11
0x027B	0x3096      	MOVLW      150
0x027C	0x00FC      	MOVWF      R12
0x027D	0x307F      	MOVLW      127
0x027E	0x00FD      	MOVWF      R13
L_main1:
0x027F	0x0BFD      	DECFSZ     R13, 1
0x0280	0x2A7F      	GOTO       L_main1
0x0281	0x0BFC      	DECFSZ     R12, 1
0x0282	0x2A7F      	GOTO       L_main1
0x0283	0x0BFB      	DECFSZ     R11, 1
0x0284	0x2A7F      	GOTO       L_main1
;circuito_rcrc.c,58 :: 		Lcd_Cmd(_LCD_CLEAR);
0x0285	0x3001      	MOVLW      1
0x0286	0x00C9      	MOVWF      FARG_Lcd_Cmd_out_char
0x0287	0x202F      	CALL       _Lcd_Cmd
;circuito_rcrc.c,60 :: 		while(1) {
L_main2:
;circuito_rcrc.c,62 :: 		testarBotoes();
0x0288	0x21D0      	CALL       _testarBotoes
;circuito_rcrc.c,64 :: 		switch(selecaoModo) {
0x0289	0x2AF6      	GOTO       L_main4
;circuito_rcrc.c,65 :: 		case 0:
L_main6:
;circuito_rcrc.c,66 :: 		Lcd_Chr (1,1, '<');
0x028A	0x3001      	MOVLW      1
0x028B	0x00C1      	MOVWF      FARG_Lcd_Chr_row
0x028C	0x3001      	MOVLW      1
0x028D	0x00C2      	MOVWF      FARG_Lcd_Chr_column
0x028E	0x303C      	MOVLW      60
0x028F	0x00C3      	MOVWF      FARG_Lcd_Chr_out_char
0x0290	0x217F      	CALL       _Lcd_Chr
;circuito_rcrc.c,67 :: 		Lcd_Chr (1,16, '>');
0x0291	0x3001      	MOVLW      1
0x0292	0x00C1      	MOVWF      FARG_Lcd_Chr_row
0x0293	0x3010      	MOVLW      16
0x0294	0x00C2      	MOVWF      FARG_Lcd_Chr_column
0x0295	0x303E      	MOVLW      62
0x0296	0x00C3      	MOVWF      FARG_Lcd_Chr_out_char
0x0297	0x217F      	CALL       _Lcd_Chr
;circuito_rcrc.c,68 :: 		Lcd_Chr (1,4, 'V');
0x0298	0x3001      	MOVLW      1
0x0299	0x00C1      	MOVWF      FARG_Lcd_Chr_row
0x029A	0x3004      	MOVLW      4
0x029B	0x00C2      	MOVWF      FARG_Lcd_Chr_column
0x029C	0x3056      	MOVLW      86
0x029D	0x00C3      	MOVWF      FARG_Lcd_Chr_out_char
0x029E	0x217F      	CALL       _Lcd_Chr
;circuito_rcrc.c,69 :: 		Lcd_Chr_Cp ('o');
0x029F	0x306F      	MOVLW      111
0x02A0	0x00C8      	MOVWF      FARG_Lcd_Chr_CP_out_char
0x02A1	0x209A      	CALL       _Lcd_Chr_CP
;circuito_rcrc.c,70 :: 		Lcd_Chr_Cp ('u');
0x02A2	0x3075      	MOVLW      117
0x02A3	0x00C8      	MOVWF      FARG_Lcd_Chr_CP_out_char
0x02A4	0x209A      	CALL       _Lcd_Chr_CP
;circuito_rcrc.c,71 :: 		Lcd_Chr_Cp ('t');
0x02A5	0x3074      	MOVLW      116
0x02A6	0x00C8      	MOVWF      FARG_Lcd_Chr_CP_out_char
0x02A7	0x209A      	CALL       _Lcd_Chr_CP
;circuito_rcrc.c,72 :: 		break;
0x02A8	0x2B02      	GOTO       L_main5
;circuito_rcrc.c,73 :: 		case 1:
L_main7:
;circuito_rcrc.c,74 :: 		Lcd_Chr (1,1, '<');
0x02A9	0x3001      	MOVLW      1
0x02AA	0x00C1      	MOVWF      FARG_Lcd_Chr_row
0x02AB	0x3001      	MOVLW      1
0x02AC	0x00C2      	MOVWF      FARG_Lcd_Chr_column
0x02AD	0x303C      	MOVLW      60
0x02AE	0x00C3      	MOVWF      FARG_Lcd_Chr_out_char
0x02AF	0x217F      	CALL       _Lcd_Chr
;circuito_rcrc.c,75 :: 		Lcd_Chr (1,16, '>');
0x02B0	0x3001      	MOVLW      1
0x02B1	0x00C1      	MOVWF      FARG_Lcd_Chr_row
0x02B2	0x3010      	MOVLW      16
0x02B3	0x00C2      	MOVWF      FARG_Lcd_Chr_column
0x02B4	0x303E      	MOVLW      62
0x02B5	0x00C3      	MOVWF      FARG_Lcd_Chr_out_char
0x02B6	0x217F      	CALL       _Lcd_Chr
;circuito_rcrc.c,76 :: 		Lcd_Chr (1,4, 'C');
0x02B7	0x3001      	MOVLW      1
0x02B8	0x00C1      	MOVWF      FARG_Lcd_Chr_row
0x02B9	0x3004      	MOVLW      4
0x02BA	0x00C2      	MOVWF      FARG_Lcd_Chr_column
0x02BB	0x3043      	MOVLW      67
0x02BC	0x00C3      	MOVWF      FARG_Lcd_Chr_out_char
0x02BD	0x217F      	CALL       _Lcd_Chr
;circuito_rcrc.c,77 :: 		Lcd_Chr_Cp ('a');
0x02BE	0x3061      	MOVLW      97
0x02BF	0x00C8      	MOVWF      FARG_Lcd_Chr_CP_out_char
0x02C0	0x209A      	CALL       _Lcd_Chr_CP
;circuito_rcrc.c,78 :: 		Lcd_Chr_Cp ('r');
0x02C1	0x3072      	MOVLW      114
0x02C2	0x00C8      	MOVWF      FARG_Lcd_Chr_CP_out_char
0x02C3	0x209A      	CALL       _Lcd_Chr_CP
;circuito_rcrc.c,79 :: 		Lcd_Chr_Cp ('g');
0x02C4	0x3067      	MOVLW      103
0x02C5	0x00C8      	MOVWF      FARG_Lcd_Chr_CP_out_char
0x02C6	0x209A      	CALL       _Lcd_Chr_CP
;circuito_rcrc.c,80 :: 		Lcd_Chr_Cp ('a');
0x02C7	0x3061      	MOVLW      97
0x02C8	0x00C8      	MOVWF      FARG_Lcd_Chr_CP_out_char
0x02C9	0x209A      	CALL       _Lcd_Chr_CP
;circuito_rcrc.c,81 :: 		break;
0x02CA	0x2B02      	GOTO       L_main5
;circuito_rcrc.c,82 :: 		case 2:
L_main8:
;circuito_rcrc.c,83 :: 		Lcd_Chr (1,1, '<');
0x02CB	0x3001      	MOVLW      1
0x02CC	0x00C1      	MOVWF      FARG_Lcd_Chr_row
0x02CD	0x3001      	MOVLW      1
0x02CE	0x00C2      	MOVWF      FARG_Lcd_Chr_column
0x02CF	0x303C      	MOVLW      60
0x02D0	0x00C3      	MOVWF      FARG_Lcd_Chr_out_char
0x02D1	0x217F      	CALL       _Lcd_Chr
;circuito_rcrc.c,84 :: 		Lcd_Chr (1,16, '>');
0x02D2	0x3001      	MOVLW      1
0x02D3	0x00C1      	MOVWF      FARG_Lcd_Chr_row
0x02D4	0x3010      	MOVLW      16
0x02D5	0x00C2      	MOVWF      FARG_Lcd_Chr_column
0x02D6	0x303E      	MOVLW      62
0x02D7	0x00C3      	MOVWF      FARG_Lcd_Chr_out_char
0x02D8	0x217F      	CALL       _Lcd_Chr
;circuito_rcrc.c,85 :: 		Lcd_Chr (1,4, 'E');
0x02D9	0x3001      	MOVLW      1
0x02DA	0x00C1      	MOVWF      FARG_Lcd_Chr_row
0x02DB	0x3004      	MOVLW      4
0x02DC	0x00C2      	MOVWF      FARG_Lcd_Chr_column
0x02DD	0x3045      	MOVLW      69
0x02DE	0x00C3      	MOVWF      FARG_Lcd_Chr_out_char
0x02DF	0x217F      	CALL       _Lcd_Chr
;circuito_rcrc.c,86 :: 		Lcd_Chr_Cp ('l');
0x02E0	0x306C      	MOVLW      108
0x02E1	0x00C8      	MOVWF      FARG_Lcd_Chr_CP_out_char
0x02E2	0x209A      	CALL       _Lcd_Chr_CP
;circuito_rcrc.c,87 :: 		Lcd_Chr_Cp ('e');
0x02E3	0x3065      	MOVLW      101
0x02E4	0x00C8      	MOVWF      FARG_Lcd_Chr_CP_out_char
0x02E5	0x209A      	CALL       _Lcd_Chr_CP
;circuito_rcrc.c,88 :: 		Lcd_Chr_Cp ('t');
0x02E6	0x3074      	MOVLW      116
0x02E7	0x00C8      	MOVWF      FARG_Lcd_Chr_CP_out_char
0x02E8	0x209A      	CALL       _Lcd_Chr_CP
;circuito_rcrc.c,89 :: 		Lcd_Chr_Cp ('r');
0x02E9	0x3072      	MOVLW      114
0x02EA	0x00C8      	MOVWF      FARG_Lcd_Chr_CP_out_char
0x02EB	0x209A      	CALL       _Lcd_Chr_CP
;circuito_rcrc.c,90 :: 		Lcd_Chr_Cp ('o');
0x02EC	0x306F      	MOVLW      111
0x02ED	0x00C8      	MOVWF      FARG_Lcd_Chr_CP_out_char
0x02EE	0x209A      	CALL       _Lcd_Chr_CP
;circuito_rcrc.c,91 :: 		Lcd_Chr_Cp ('n');
0x02EF	0x306E      	MOVLW      110
0x02F0	0x00C8      	MOVWF      FARG_Lcd_Chr_CP_out_char
0x02F1	0x209A      	CALL       _Lcd_Chr_CP
;circuito_rcrc.c,92 :: 		Lcd_Chr_Cp ('s');
0x02F2	0x3073      	MOVLW      115
0x02F3	0x00C8      	MOVWF      FARG_Lcd_Chr_CP_out_char
0x02F4	0x209A      	CALL       _Lcd_Chr_CP
;circuito_rcrc.c,93 :: 		break;
0x02F5	0x2B02      	GOTO       L_main5
;circuito_rcrc.c,94 :: 		}
L_main4:
0x02F6	0x083A      	MOVF       _selecaoModo, 0
0x02F7	0x3A00      	XORLW      0
0x02F8	0x1903      	BTFSC      STATUS, 2
0x02F9	0x2A8A      	GOTO       L_main6
0x02FA	0x083A      	MOVF       _selecaoModo, 0
0x02FB	0x3A01      	XORLW      1
0x02FC	0x1903      	BTFSC      STATUS, 2
0x02FD	0x2AA9      	GOTO       L_main7
0x02FE	0x083A      	MOVF       _selecaoModo, 0
0x02FF	0x3A02      	XORLW      2
0x0300	0x1903      	BTFSC      STATUS, 2
0x0301	0x2ACB      	GOTO       L_main8
L_main5:
;circuito_rcrc.c,96 :: 		}
0x0302	0x2A88      	GOTO       L_main2
;circuito_rcrc.c,97 :: 		}
L_end_main:
0x0303	0x2B03      	GOTO       $+0
; end of _main
Symbol List:
//** Routines locations **
//ADDRESS    SIZE    PROCEDURE
//----------------------------------------------
0x0004      [19]    _interrupt
0x0017       [5]    _Delay_1us
0x001C      [11]    _Delay_5500us
0x0027       [8]    _Delay_50us
0x002F      [64]    _Lcd_Cmd
0x006F      [43]    _Mul_16X16_U
0x009A       [8]    _Lcd_Chr_CP
0x00A2      [78]    _Lcd_Init
0x00F0      [64]    _Lcd_Out
0x0130       [8]    _PWM1_Start
0x0138       [6]    _PWM1_Init
0x013E      [58]    _PWM1_Set_Duty
0x0178       [7]    _____DoICP
0x017F      [53]    _Lcd_Chr
0x01B4      [12]    _iniciarPwm
0x01C0      [16]    _UART1_Init
0x01D0      [46]    _testarBotoes
0x01FE      [22]    _iniciarLcd
0x0214      [27]    _configurarRegistradores
0x022F      [12]    ___CC2DW
0x023B     [201]    _main
//** Variables locations ** 
//ADDRESS    SIZE    VARIABLE
//----------------------------------------------
0x0000       [1]    INDF
0x0001       [1]    TMR0
0x0002       [1]    PCL
0x0003       [1]    STATUS
0x0004       [1]    FSR
0x0005       [0]    LCD_RS
0x0005       [0]    LCD_EN
0x0005       [1]    PORTA
0x0005       [0]    RA3_bit
0x0005       [0]    RA2_bit
0x0006       [0]    RB2_bit
0x0006       [1]    PORTB
0x0006       [0]    RB4_bit
0x0006       [0]    RB5_bit
0x0006       [0]    RB1_bit
0x0006       [0]    LCD_D6
0x0006       [0]    LCD_D7
0x0006       [0]    LCD_D4
0x0006       [0]    LCD_D5
0x0007       [1]    PORTC
0x000A       [1]    PCLATH
0x000B       [1]    INTCON
0x000B       [0]    TMR0IF_bit
0x000C       [1]    PIR1
0x0012       [1]    T2CON
0x0015       [1]    CCPR1L
0x0017       [1]    CCP1CON
0x0018       [1]    RCSTA
0x001A       [1]    RCREG
0x001F       [1]    ADCON0
0x0020      [11]    ?lstr2_circuito_rcrc
0x002B      [15]    ?lstr1_circuito_rcrc
0x003A       [1]    _selecaoModo
0x003B       [1]    _flagsA
0x003C       [0]    __Lib_Lcd_cmd_status
0x003D       [2]    ___DoICPAddr
0x003F       [1]    ___savePCLATH
0x0040       [1]    ___saveSTATUS
0x0041       [1]    FARG_Lcd_Chr_row
0x0042       [1]    FARG_Lcd_Chr_column
0x0043       [1]    FARG_Lcd_Chr_out_char
0x0044       [4]    FARG_PWM1_Init_PWM_Freq
0x0044       [1]    FARG_Lcd_Out_row
0x0044       [1]    FARG_PWM1_Set_Duty_new_duty
0x0045       [1]    FARG_Lcd_Out_column
0x0046       [1]    FARG_Lcd_Out_text
0x0047       [1]    Lcd_Out_i_L0
0x0048       [1]    FARG_Lcd_Chr_CP_out_char
0x0049       [1]    FARG_Lcd_Cmd_out_char
0x0070       [1]    R0
0x0071       [1]    R1
0x0072       [1]    R2
0x0073       [1]    R3
0x0074       [1]    R4
0x0075       [1]    R5
0x0076       [1]    R6
0x0077       [1]    R7
0x0078       [1]    R8
0x0079       [1]    R9
0x007A       [1]    R10
0x007B       [1]    R11
0x007C       [1]    R12
0x007D       [1]    R13
0x007E       [1]    R14
0x007F       [1]    R15
0x0081       [1]    OPTION_REG
0x0085       [0]    LCD_RS_Direction
0x0085       [0]    LCD_EN_Direction
0x0085       [0]    TRISA3_bit
0x0085       [1]    TRISA
0x0085       [0]    TRISA2_bit
0x0086       [0]    TRISB2_bit
0x0086       [0]    TRISB1_bit
0x0086       [1]    TRISB
0x0086       [0]    LCD_D4_Direction
0x0086       [0]    LCD_D7_Direction
0x0086       [0]    TRISB4_bit
0x0086       [0]    LCD_D5_Direction
0x0086       [0]    TRISB5_bit
0x0086       [0]    LCD_D6_Direction
0x0087       [0]    TRISC6_bit
0x0087       [1]    TRISC
0x0087       [0]    TRISC7_bit
0x0087       [0]    TRISC2_bit
0x0092       [1]    PR2
0x0098       [1]    TXSTA
0x0099       [1]    SPBRG
0x009C       [1]    CMCON
0x009F       [1]    ADCON1
